<?xml version="1.0" encoding="UTF-8"?>
<robot generator="Robot 3.1.1 (Python 3.6.5 on win32)" generated="20190312 11:07:11.645" rpa="false">
<suite id="s1" name="Ihm" source="C:\Users\melhasnaoui\Robot-scripts\1-RobotFramaework_Project_API\demo\Tests\ihm.robot">
<kw name="Open Browser" library="SeleniumLibrary" type="setup">
<doc>Opens a new browser instance to the given ``url``.</doc>
<arguments>
<arg>http://localhost/demo/</arg>
<arg>gc</arg>
</arguments>
<msg timestamp="20190312 11:07:12.020" level="INFO">Opening browser 'gc' to base url 'http://localhost/demo/'.</msg>
<status status="PASS" starttime="20190312 11:07:12.020" endtime="20190312 11:07:15.205"></status>
</kw>
<test id="s1-t1" name="Inscrire un utilisateur">
<kw name="Remplir le formulaire d'inscription" library="ihm_signup">
<kw name="Click Element" library="SeleniumLibrary">
<doc>Click element identified by ``locator``.</doc>
<arguments>
<arg>${sign_up_label}</arg>
</arguments>
<msg timestamp="20190312 11:07:15.211" level="INFO">Clicking element '//label[@for="tab-2"]'.</msg>
<status status="PASS" starttime="20190312 11:07:15.211" endtime="20190312 11:07:15.411"></status>
</kw>
<kw name="Input Text" library="SeleniumLibrary">
<doc>Types the given ``text`` into text field identified by ``locator``.</doc>
<arguments>
<arg>${champ_username_signup}</arg>
<arg>${username}</arg>
</arguments>
<msg timestamp="20190312 11:07:15.412" level="INFO">Typing text 'TestUser' into text field 'xpath=(//input[@name="username"])[2]'.</msg>
<status status="PASS" starttime="20190312 11:07:15.411" endtime="20190312 11:07:15.590"></status>
</kw>
<kw name="Input Text" library="SeleniumLibrary">
<doc>Types the given ``text`` into text field identified by ``locator``.</doc>
<arguments>
<arg>${champ_password_signup}</arg>
<arg>${password}</arg>
</arguments>
<msg timestamp="20190312 11:07:15.591" level="INFO">Typing text 'Testpassword' into text field 'xpath=(//input[@name="password"])[2]'.</msg>
<status status="PASS" starttime="20190312 11:07:15.590" endtime="20190312 11:07:15.726"></status>
</kw>
<kw name="Input Text" library="SeleniumLibrary">
<doc>Types the given ``text`` into text field identified by ``locator``.</doc>
<arguments>
<arg>${champ2_password}</arg>
<arg>${password}</arg>
</arguments>
<msg timestamp="20190312 11:07:15.727" level="INFO">Typing text 'Testpassword' into text field '//input[@id="pass"]'.</msg>
<status status="PASS" starttime="20190312 11:07:15.726" endtime="20190312 11:07:15.880"></status>
</kw>
<kw name="Click Element" library="SeleniumLibrary">
<doc>Click element identified by ``locator``.</doc>
<arguments>
<arg>${signup_button}</arg>
</arguments>
<msg timestamp="20190312 11:07:15.880" level="INFO">Clicking element 'xpath=(//input[@class="button"])[2]'.</msg>
<status status="PASS" starttime="20190312 11:07:15.880" endtime="20190312 11:07:16.112"></status>
</kw>
<status status="PASS" starttime="20190312 11:07:15.210" endtime="20190312 11:07:16.113"></status>
</kw>
<kw name="Vérifier que &quot;Successfully Signup!&quot; est affiché dans le status JSON" library="ihm_signup">
<kw name="Sleep" library="BuiltIn">
<doc>Pauses the test executed for the given time.</doc>
<arguments>
<arg>2s</arg>
</arguments>
<msg timestamp="20190312 11:07:18.125" level="INFO">Slept 2 seconds</msg>
<status status="PASS" starttime="20190312 11:07:16.114" endtime="20190312 11:07:18.125"></status>
</kw>
<kw name="Page Should Contain" library="SeleniumLibrary">
<doc>Verifies that current page contains ``text``.</doc>
<arguments>
<arg>"Successfully Signup!"</arg>
</arguments>
<msg timestamp="20190312 11:07:18.141" level="INFO">Current page contains text '"Successfully Signup!"'.</msg>
<status status="PASS" starttime="20190312 11:07:18.125" endtime="20190312 11:07:18.141"></status>
</kw>
<status status="PASS" starttime="20190312 11:07:16.113" endtime="20190312 11:07:18.141"></status>
</kw>
<status status="PASS" starttime="20190312 11:07:15.206" endtime="20190312 11:07:18.141" critical="yes"></status>
</test>
<test id="s1-t2" name="R'inscrire encore une fois le mème utilisateur">
<kw name="Go To" library="SeleniumLibrary">
<doc>Navigates the active browser instance to the provided ``url``.</doc>
<arguments>
<arg>http://localhost/demo/</arg>
</arguments>
<msg timestamp="20190312 11:07:18.141" level="INFO">Opening url 'http://localhost/demo/'</msg>
<status status="PASS" starttime="20190312 11:07:18.141" endtime="20190312 11:07:18.182"></status>
</kw>
<kw name="Remplir le formulaire d'inscription" library="ihm_signup">
<kw name="Click Element" library="SeleniumLibrary">
<doc>Click element identified by ``locator``.</doc>
<arguments>
<arg>${sign_up_label}</arg>
</arguments>
<msg timestamp="20190312 11:07:18.184" level="INFO">Clicking element '//label[@for="tab-2"]'.</msg>
<status status="PASS" starttime="20190312 11:07:18.184" endtime="20190312 11:07:18.289"></status>
</kw>
<kw name="Input Text" library="SeleniumLibrary">
<doc>Types the given ``text`` into text field identified by ``locator``.</doc>
<arguments>
<arg>${champ_username_signup}</arg>
<arg>${username}</arg>
</arguments>
<msg timestamp="20190312 11:07:18.290" level="INFO">Typing text 'TestUser' into text field 'xpath=(//input[@name="username"])[2]'.</msg>
<status status="PASS" starttime="20190312 11:07:18.289" endtime="20190312 11:07:18.437"></status>
</kw>
<kw name="Input Text" library="SeleniumLibrary">
<doc>Types the given ``text`` into text field identified by ``locator``.</doc>
<arguments>
<arg>${champ_password_signup}</arg>
<arg>${password}</arg>
</arguments>
<msg timestamp="20190312 11:07:18.438" level="INFO">Typing text 'Testpassword' into text field 'xpath=(//input[@name="password"])[2]'.</msg>
<status status="PASS" starttime="20190312 11:07:18.437" endtime="20190312 11:07:18.576"></status>
</kw>
<kw name="Input Text" library="SeleniumLibrary">
<doc>Types the given ``text`` into text field identified by ``locator``.</doc>
<arguments>
<arg>${champ2_password}</arg>
<arg>${password}</arg>
</arguments>
<msg timestamp="20190312 11:07:18.577" level="INFO">Typing text 'Testpassword' into text field '//input[@id="pass"]'.</msg>
<status status="PASS" starttime="20190312 11:07:18.576" endtime="20190312 11:07:18.678"></status>
</kw>
<kw name="Click Element" library="SeleniumLibrary">
<doc>Click element identified by ``locator``.</doc>
<arguments>
<arg>${signup_button}</arg>
</arguments>
<msg timestamp="20190312 11:07:18.679" level="INFO">Clicking element 'xpath=(//input[@class="button"])[2]'.</msg>
<status status="PASS" starttime="20190312 11:07:18.679" endtime="20190312 11:07:18.827"></status>
</kw>
<status status="PASS" starttime="20190312 11:07:18.183" endtime="20190312 11:07:18.828"></status>
</kw>
<kw name="Vérifier que &quot;Username already exists!&quot; est affiché dans le status JSON" library="ihm_signup">
<kw name="Sleep" library="BuiltIn">
<doc>Pauses the test executed for the given time.</doc>
<arguments>
<arg>2s</arg>
</arguments>
<msg timestamp="20190312 11:07:20.834" level="INFO">Slept 2 seconds</msg>
<status status="PASS" starttime="20190312 11:07:18.829" endtime="20190312 11:07:20.834"></status>
</kw>
<kw name="Page Should Contain" library="SeleniumLibrary">
<doc>Verifies that current page contains ``text``.</doc>
<arguments>
<arg>"Username already exists!"</arg>
</arguments>
<msg timestamp="20190312 11:07:20.850" level="INFO">Current page contains text '"Username already exists!"'.</msg>
<status status="PASS" starttime="20190312 11:07:20.834" endtime="20190312 11:07:20.850"></status>
</kw>
<status status="PASS" starttime="20190312 11:07:18.828" endtime="20190312 11:07:20.850"></status>
</kw>
<status status="PASS" starttime="20190312 11:07:18.141" endtime="20190312 11:07:20.850" critical="yes"></status>
</test>
<test id="s1-t3" name="Connecter l'utilisateur inscri">
<kw name="Go To" library="SeleniumLibrary">
<doc>Navigates the active browser instance to the provided ``url``.</doc>
<arguments>
<arg>http://localhost/demo/</arg>
</arguments>
<msg timestamp="20190312 11:07:20.850" level="INFO">Opening url 'http://localhost/demo/'</msg>
<status status="PASS" starttime="20190312 11:07:20.850" endtime="20190312 11:07:20.882"></status>
</kw>
<kw name="Remplir le formulaire avec les coordonnées de test" library="ihm_login">
<kw name="Input Text" library="SeleniumLibrary">
<doc>Types the given ``text`` into text field identified by ``locator``.</doc>
<arguments>
<arg>${champ_username_login}</arg>
<arg>${username}</arg>
</arguments>
<msg timestamp="20190312 11:07:20.884" level="INFO">Typing text 'TestUser' into text field '//input[@name="username"]'.</msg>
<status status="PASS" starttime="20190312 11:07:20.884" endtime="20190312 11:07:21.013"></status>
</kw>
<kw name="Input Text" library="SeleniumLibrary">
<doc>Types the given ``text`` into text field identified by ``locator``.</doc>
<arguments>
<arg>${champ_password_login}</arg>
<arg>${password}</arg>
</arguments>
<msg timestamp="20190312 11:07:21.014" level="INFO">Typing text 'Testpassword' into text field '//input[@name="password"]'.</msg>
<status status="PASS" starttime="20190312 11:07:21.014" endtime="20190312 11:07:21.171"></status>
</kw>
<kw name="Click Element" library="SeleniumLibrary">
<doc>Click element identified by ``locator``.</doc>
<arguments>
<arg>${login_button}</arg>
</arguments>
<msg timestamp="20190312 11:07:21.171" level="INFO">Clicking element '//input[@class="button"]'.</msg>
<status status="PASS" starttime="20190312 11:07:21.171" endtime="20190312 11:07:21.342"></status>
</kw>
<status status="PASS" starttime="20190312 11:07:20.883" endtime="20190312 11:07:21.342"></status>
</kw>
<kw name="Vérifier que &quot;Successfully Login!&quot; est affiché dans le status JSON" library="ihm_login">
<kw name="Sleep" library="BuiltIn">
<doc>Pauses the test executed for the given time.</doc>
<arguments>
<arg>2s</arg>
</arguments>
<msg timestamp="20190312 11:07:23.343" level="INFO">Slept 2 seconds</msg>
<status status="PASS" starttime="20190312 11:07:21.343" endtime="20190312 11:07:23.343"></status>
</kw>
<kw name="Page Should Contain" library="SeleniumLibrary">
<doc>Verifies that current page contains ``text``.</doc>
<arguments>
<arg>"Successfully Login!"</arg>
</arguments>
<msg timestamp="20190312 11:07:23.399" level="INFO">Current page contains text '"Successfully Login!"'.</msg>
<status status="PASS" starttime="20190312 11:07:23.343" endtime="20190312 11:07:23.400"></status>
</kw>
<status status="PASS" starttime="20190312 11:07:21.343" endtime="20190312 11:07:23.400"></status>
</kw>
<status status="PASS" starttime="20190312 11:07:20.850" endtime="20190312 11:07:23.401" critical="yes"></status>
</test>
<test id="s1-t4" name="Connecter un utilisateur invalide">
<kw name="Go To" library="SeleniumLibrary">
<doc>Navigates the active browser instance to the provided ``url``.</doc>
<arguments>
<arg>http://localhost/demo/</arg>
</arguments>
<msg timestamp="20190312 11:07:23.404" level="INFO">Opening url 'http://localhost/demo/'</msg>
<status status="PASS" starttime="20190312 11:07:23.404" endtime="20190312 11:07:23.494"></status>
</kw>
<kw name="Remplir le formulaire avec les coordonnées de test" library="ihm_login">
<kw name="Input Text" library="SeleniumLibrary">
<doc>Types the given ``text`` into text field identified by ``locator``.</doc>
<arguments>
<arg>${champ_username_login}</arg>
<arg>${username}</arg>
</arguments>
<msg timestamp="20190312 11:07:23.496" level="INFO">Typing text 'TestUser' into text field '//input[@name="username"]'.</msg>
<status status="PASS" starttime="20190312 11:07:23.496" endtime="20190312 11:07:23.684"></status>
</kw>
<kw name="Input Text" library="SeleniumLibrary">
<doc>Types the given ``text`` into text field identified by ``locator``.</doc>
<arguments>
<arg>${champ_password_login}</arg>
<arg>${password}</arg>
</arguments>
<msg timestamp="20190312 11:07:23.685" level="INFO">Typing text 'Testpassword' into text field '//input[@name="password"]'.</msg>
<status status="PASS" starttime="20190312 11:07:23.684" endtime="20190312 11:07:23.849"></status>
</kw>
<kw name="Click Element" library="SeleniumLibrary">
<doc>Click element identified by ``locator``.</doc>
<arguments>
<arg>${login_button}</arg>
</arguments>
<msg timestamp="20190312 11:07:23.850" level="INFO">Clicking element '//input[@class="button"]'.</msg>
<status status="PASS" starttime="20190312 11:07:23.850" endtime="20190312 11:07:23.970"></status>
</kw>
<status status="PASS" starttime="20190312 11:07:23.495" endtime="20190312 11:07:23.970"></status>
</kw>
<kw name="Vérifier que &quot;Invalid Username or Password!&quot; est affiché dans le status JSON" library="ihm_login">
<kw name="Sleep" library="BuiltIn">
<doc>Pauses the test executed for the given time.</doc>
<arguments>
<arg>2s</arg>
</arguments>
<msg timestamp="20190312 11:07:25.973" level="INFO">Slept 2 seconds</msg>
<status status="PASS" starttime="20190312 11:07:23.972" endtime="20190312 11:07:25.973"></status>
</kw>
<kw name="Page Should Contain" library="SeleniumLibrary">
<doc>Verifies that current page contains ``text``.</doc>
<arguments>
<arg>"Invalid Username or Password!"</arg>
</arguments>
<kw name="Capture Page Screenshot" library="SeleniumLibrary">
<doc>Takes screenshot of the current page and embeds it into log file.</doc>
<msg timestamp="20190312 11:07:26.276" level="INFO" html="yes">&lt;/td&gt;&lt;/tr&gt;&lt;tr&gt;&lt;td colspan="3"&gt;&lt;a href="selenium-screenshot-11.png"&gt;&lt;img src="selenium-screenshot-11.png" width="800px"&gt;&lt;/a&gt;</msg>
<status status="PASS" starttime="20190312 11:07:26.004" endtime="20190312 11:07:26.276"></status>
</kw>
<msg timestamp="20190312 11:07:26.281" level="FAIL">Page should have contained text '"Invalid Username or Password!"' but did not.</msg>
<status status="FAIL" starttime="20190312 11:07:25.973" endtime="20190312 11:07:26.281"></status>
</kw>
<status status="FAIL" starttime="20190312 11:07:23.971" endtime="20190312 11:07:26.281"></status>
</kw>
<status status="FAIL" starttime="20190312 11:07:23.403" endtime="20190312 11:07:26.282" critical="yes">Page should have contained text '"Invalid Username or Password!"' but did not.</status>
</test>
<kw name="Close Browser" library="SeleniumLibrary" type="teardown">
<doc>Closes the current browser.</doc>
<status status="PASS" starttime="20190312 11:07:26.285" endtime="20190312 11:07:27.780"></status>
</kw>
<status status="FAIL" starttime="20190312 11:07:11.661" endtime="20190312 11:07:27.780"></status>
</suite>
<statistics>
<total>
<stat pass="3" fail="1">Critical Tests</stat>
<stat pass="3" fail="1">All Tests</stat>
</total>
<tag>
</tag>
<suite>
<stat pass="3" fail="1" id="s1" name="Ihm">Ihm</stat>
</suite>
</statistics>
<errors>
</errors>
</robot>
