<?xml version="1.0" encoding="UTF-8"?>
<robot generator="Robot 3.1.1 (Python 3.6.5 on win32)" generated="20190307 10:20:21.359" rpa="false">
<suite id="s1" name="Demo" source="C:\Users\melhasnaoui\git\1-RobotFramaework_Project_API\demo">
<suite id="s1-s1" name="Tests" source="C:\Users\melhasnaoui\git\1-RobotFramaework_Project_API\demo\Tests">
<suite id="s1-s1-s1" name="Api" source="C:\Users\melhasnaoui\git\1-RobotFramaework_Project_API\demo\Tests\api.robot">
<kw name="Log" library="BuiltIn" type="setup">
<doc>Logs the given message with the given level.</doc>
<arguments>
<arg>test statred</arg>
</arguments>
<msg timestamp="20190307 10:20:22.607" level="INFO">test statred</msg>
<status status="PASS" starttime="20190307 10:20:22.607" endtime="20190307 10:20:22.607"></status>
</kw>
<test id="s1-s1-s1-t1" name="verifier la connection">
<kw name="Create Session" library="RequestsLibrary">
<doc>Create Session: create a HTTP session to a server</doc>
<arguments>
<arg>demo</arg>
<arg>http://localhost/demo/api/user</arg>
</arguments>
<msg timestamp="20190307 10:20:22.607" level="INFO">Creating Session using : alias=demo, url=http://localhost/demo/api/user, headers={},                     cookies=None, auth=None, timeout=None, proxies=None, verify=False,                     debug=0 </msg>
<status status="PASS" starttime="20190307 10:20:22.607" endtime="20190307 10:20:22.607"></status>
</kw>
<kw name="Get Request" library="RequestsLibrary">
<doc>Send a GET request on the session object found using the
given `alias`</doc>
<arguments>
<arg>demo</arg>
<arg>/</arg>
</arguments>
<assign>
<var>${resp}</var>
</assign>
<msg timestamp="20190307 10:20:22.669" level="INFO">Get Request using : alias=demo, uri=/, headers=None json=None</msg>
<msg timestamp="20190307 10:20:22.669" level="INFO">${resp} = &lt;Response [200]&gt;</msg>
<status status="PASS" starttime="20190307 10:20:22.607" endtime="20190307 10:20:22.685"></status>
</kw>
<kw name="Should Be Equal As Strings" library="BuiltIn">
<doc>Fails if objects are unequal after converting them to strings.</doc>
<arguments>
<arg>${resp.status_code}</arg>
<arg>200</arg>
</arguments>
<msg timestamp="20190307 10:20:22.685" level="INFO">Argument types are:
&lt;class 'int'&gt;
&lt;type 'unicode'&gt;</msg>
<status status="PASS" starttime="20190307 10:20:22.685" endtime="20190307 10:20:22.685"></status>
</kw>
<status status="PASS" starttime="20190307 10:20:22.607" endtime="20190307 10:20:22.685" critical="yes"></status>
</test>
<test id="s1-s1-s1-t2" name="s'inscrire">
<kw name="Post Request" library="RequestsLibrary">
<doc>Send a POST request on the session object found using the
given `alias`</doc>
<arguments>
<arg>demo</arg>
<arg>/signup.php</arg>
</arguments>
<msg timestamp="20190307 10:20:22.856" level="INFO">Post Request using : alias=demo, uri=/signup.php, data=&lt;empty&gt;, headers=None, files=None, allow_redirects=True </msg>
<status status="PASS" starttime="20190307 10:20:22.685" endtime="20190307 10:20:22.856"></status>
</kw>
<kw name="Post" library="RequestsLibrary">
<doc>**Deprecated- See Post Request now**</doc>
<arguments>
<arg>demo</arg>
<arg>/Signup.php</arg>
<arg>{ "username": "${username}", "password": "${password}" }</arg>
</arguments>
<msg timestamp="20190307 10:20:22.856" level="WARN">Deprecation Warning: Use Post Request in the future</msg>
<status status="PASS" starttime="20190307 10:20:22.856" endtime="20190307 10:20:22.919"></status>
</kw>
<kw name="Log" library="BuiltIn">
<doc>Logs the given message with the given level.</doc>
<arguments>
<arg>${resp.text}</arg>
</arguments>
<msg timestamp="20190307 10:20:22.919" level="FAIL">Resolving variable '${resp.text}' failed: Variable '${resp}' not found.</msg>
<status status="FAIL" starttime="20190307 10:20:22.919" endtime="20190307 10:20:22.919"></status>
</kw>
<status status="FAIL" starttime="20190307 10:20:22.685" endtime="20190307 10:20:22.919" critical="yes">Resolving variable '${resp.text}' failed: Variable '${resp}' not found.</status>
</test>
<kw name="Log" library="BuiltIn" type="teardown">
<doc>Logs the given message with the given level.</doc>
<arguments>
<arg>test ended</arg>
</arguments>
<msg timestamp="20190307 10:20:22.934" level="INFO">test ended</msg>
<status status="PASS" starttime="20190307 10:20:22.934" endtime="20190307 10:20:22.934"></status>
</kw>
<status status="FAIL" starttime="20190307 10:20:21.468" endtime="20190307 10:20:22.934"></status>
</suite>
<status status="FAIL" starttime="20190307 10:20:21.468" endtime="20190307 10:20:22.934"></status>
</suite>
<status status="FAIL" starttime="20190307 10:20:21.437" endtime="20190307 10:20:22.934"></status>
</suite>
<statistics>
<total>
<stat pass="1" fail="1">Critical Tests</stat>
<stat pass="1" fail="1">All Tests</stat>
</total>
<tag>
</tag>
<suite>
<stat pass="1" fail="1" id="s1" name="Demo">Demo</stat>
<stat pass="1" fail="1" id="s1-s1" name="Tests">Demo.Tests</stat>
<stat pass="1" fail="1" id="s1-s1-s1" name="Api">Demo.Tests.Api</stat>
</suite>
</statistics>
<errors>
<msg timestamp="20190307 10:20:22.856" level="WARN">Deprecation Warning: Use Post Request in the future</msg>
</errors>
</robot>
